<?xml version="1.0" encoding="UTF-8"?>
<testsuite xmlns:xsi="http://www.w3.org/2001/XMLSchema-instance" xsi:noNamespaceSchemaLocation="https://maven.apache.org/surefire/maven-surefire-plugin/xsd/surefire-test-report.xsd" name="test.SearchTest" time="36.865" tests="2" errors="1" skipped="0" failures="0">
  <properties>
    <property name="sun.desktop" value="gnome"/>
    <property name="awt.toolkit" value="sun.awt.X11.XToolkit"/>
    <property name="java.specification.version" value="11"/>
    <property name="sun.cpu.isalist" value=""/>
    <property name="sun.jnu.encoding" value="UTF-8"/>
    <property name="java.class.path" value="/home/aantonovs/IdeaProjects/accentureHomeWork/target/test-classes:/home/aantonovs/IdeaProjects/accentureHomeWork/target/classes:/home/aantonovs/.m2/repository/io/qameta/allure/allure-junit4/2.13.8/allure-junit4-2.13.8.jar:/home/aantonovs/.m2/repository/io/qameta/allure/allure-java-commons/2.13.8/allure-java-commons-2.13.8.jar:/home/aantonovs/.m2/repository/io/qameta/allure/allure-model/2.13.8/allure-model-2.13.8.jar:/home/aantonovs/.m2/repository/org/apache/tika/tika-core/1.24.1/tika-core-1.24.1.jar:/home/aantonovs/.m2/repository/org/jooq/joor-java-8/0.9.13/joor-java-8-0.9.13.jar:/home/aantonovs/.m2/repository/junit/junit/4.13.1/junit-4.13.1.jar:/home/aantonovs/.m2/repository/io/qameta/allure/allure-selenide/2.13.8/allure-selenide-2.13.8.jar:/home/aantonovs/.m2/repository/com/codeborne/selenide/5.18.1/selenide-5.18.1.jar:/home/aantonovs/.m2/repository/org/seleniumhq/selenium/selenium-java/3.141.59/selenium-java-3.141.59.jar:/home/aantonovs/.m2/repository/org/seleniumhq/selenium/selenium-api/3.141.59/selenium-api-3.141.59.jar:/home/aantonovs/.m2/repository/org/seleniumhq/selenium/selenium-chrome-driver/3.141.59/selenium-chrome-driver-3.141.59.jar:/home/aantonovs/.m2/repository/org/seleniumhq/selenium/selenium-edge-driver/3.141.59/selenium-edge-driver-3.141.59.jar:/home/aantonovs/.m2/repository/org/seleniumhq/selenium/selenium-firefox-driver/3.141.59/selenium-firefox-driver-3.141.59.jar:/home/aantonovs/.m2/repository/org/seleniumhq/selenium/selenium-ie-driver/3.141.59/selenium-ie-driver-3.141.59.jar:/home/aantonovs/.m2/repository/org/seleniumhq/selenium/selenium-opera-driver/3.141.59/selenium-opera-driver-3.141.59.jar:/home/aantonovs/.m2/repository/org/seleniumhq/selenium/selenium-remote-driver/3.141.59/selenium-remote-driver-3.141.59.jar:/home/aantonovs/.m2/repository/org/seleniumhq/selenium/selenium-safari-driver/3.141.59/selenium-safari-driver-3.141.59.jar:/home/aantonovs/.m2/repository/org/seleniumhq/selenium/selenium-support/3.141.59/selenium-support-3.141.59.jar:/home/aantonovs/.m2/repository/org/apache/commons/commons-exec/1.3/commons-exec-1.3.jar:/home/aantonovs/.m2/repository/com/squareup/okhttp3/okhttp/3.11.0/okhttp-3.11.0.jar:/home/aantonovs/.m2/repository/com/squareup/okio/okio/1.14.0/okio-1.14.0.jar:/home/aantonovs/.m2/repository/io/github/bonigarcia/webdrivermanager/4.3.1/webdrivermanager-4.3.1.jar:/home/aantonovs/.m2/repository/commons-io/commons-io/2.8.0/commons-io-2.8.0.jar:/home/aantonovs/.m2/repository/com/google/code/gson/gson/2.8.6/gson-2.8.6.jar:/home/aantonovs/.m2/repository/org/apache/commons/commons-lang3/3.11/commons-lang3-3.11.jar:/home/aantonovs/.m2/repository/org/jsoup/jsoup/1.13.1/jsoup-1.13.1.jar:/home/aantonovs/.m2/repository/org/rauschig/jarchivelib/1.1.0/jarchivelib-1.1.0.jar:/home/aantonovs/.m2/repository/org/apache/commons/commons-compress/1.20/commons-compress-1.20.jar:/home/aantonovs/.m2/repository/org/apache/httpcomponents/client5/httpclient5/5.0.3/httpclient5-5.0.3.jar:/home/aantonovs/.m2/repository/org/apache/httpcomponents/core5/httpcore5/5.0.2/httpcore5-5.0.2.jar:/home/aantonovs/.m2/repository/commons-codec/commons-codec/1.13/commons-codec-1.13.jar:/home/aantonovs/.m2/repository/org/slf4j/slf4j-api/1.7.30/slf4j-api-1.7.30.jar:/home/aantonovs/.m2/repository/org/slf4j/slf4j-simple/1.7.30/slf4j-simple-1.7.30.jar:/home/aantonovs/.m2/repository/com/google/guava/guava/30.1-jre/guava-30.1-jre.jar:/home/aantonovs/.m2/repository/com/google/guava/failureaccess/1.0.1/failureaccess-1.0.1.jar:/home/aantonovs/.m2/repository/com/google/guava/listenablefuture/9999.0-empty-to-avoid-conflict-with-guava/listenablefuture-9999.0-empty-to-avoid-conflict-with-guava.jar:/home/aantonovs/.m2/repository/com/google/code/findbugs/jsr305/3.0.2/jsr305-3.0.2.jar:/home/aantonovs/.m2/repository/org/checkerframework/checker-qual/3.5.0/checker-qual-3.5.0.jar:/home/aantonovs/.m2/repository/com/google/errorprone/error_prone_annotations/2.3.4/error_prone_annotations-2.3.4.jar:/home/aantonovs/.m2/repository/com/google/j2objc/j2objc-annotations/1.3/j2objc-annotations-1.3.jar:/home/aantonovs/.m2/repository/com/browserup/browserup-proxy-core/2.1.2/browserup-proxy-core-2.1.2.jar:/home/aantonovs/.m2/repository/io/netty/netty-codec/4.1.50.Final/netty-codec-4.1.50.Final.jar:/home/aantonovs/.m2/repository/io/netty/netty-common/4.1.50.Final/netty-common-4.1.50.Final.jar:/home/aantonovs/.m2/repository/io/netty/netty-buffer/4.1.50.Final/netty-buffer-4.1.50.Final.jar:/home/aantonovs/.m2/repository/io/netty/netty-transport/4.1.50.Final/netty-transport-4.1.50.Final.jar:/home/aantonovs/.m2/repository/io/netty/netty-resolver/4.1.50.Final/netty-resolver-4.1.50.Final.jar:/home/aantonovs/.m2/repository/xyz/rogfam/littleproxy/2.0.0-beta-5/littleproxy-2.0.0-beta-5.jar:/home/aantonovs/.m2/repository/com/barchart/udt/barchart-udt-bundle/2.3.0/barchart-udt-bundle-2.3.0.jar:/home/aantonovs/.m2/repository/com/browserup/browserup-proxy-mitm/2.1.2/browserup-proxy-mitm-2.1.2.jar:/home/aantonovs/.m2/repository/javax/xml/bind/jaxb-api/2.3.1/jaxb-api-2.3.1.jar:/home/aantonovs/.m2/repository/javax/activation/javax.activation-api/1.2.0/javax.activation-api-1.2.0.jar:/home/aantonovs/.m2/repository/com/jcraft/jzlib/1.1.3/jzlib-1.1.3.jar:/home/aantonovs/.m2/repository/dnsjava/dnsjava/3.1.0/dnsjava-3.1.0.jar:/home/aantonovs/.m2/repository/org/bouncycastle/bcpkix-jdk15on/1.64/bcpkix-jdk15on-1.64.jar:/home/aantonovs/.m2/repository/org/bouncycastle/bcprov-jdk15on/1.64/bcprov-jdk15on-1.64.jar:/home/aantonovs/.m2/repository/org/brotli/dec/0.1.2/dec-0.1.2.jar:/home/aantonovs/.m2/repository/org/slf4j/jcl-over-slf4j/1.7.30/jcl-over-slf4j-1.7.30.jar:/home/aantonovs/.m2/repository/com/browserup/browserup-proxy-rest/2.1.2/browserup-proxy-rest-2.1.2.jar:/home/aantonovs/.m2/repository/net/sf/jopt-simple/jopt-simple/5.0.4/jopt-simple-5.0.4.jar:/home/aantonovs/.m2/repository/org/glassfish/jersey/containers/jersey-container-servlet-core/2.31/jersey-container-servlet-core-2.31.jar:/home/aantonovs/.m2/repository/org/glassfish/hk2/external/jakarta.inject/2.6.1/jakarta.inject-2.6.1.jar:/home/aantonovs/.m2/repository/org/glassfish/jersey/core/jersey-common/2.31/jersey-common-2.31.jar:/home/aantonovs/.m2/repository/jakarta/annotation/jakarta.annotation-api/1.3.5/jakarta.annotation-api-1.3.5.jar:/home/aantonovs/.m2/repository/org/glassfish/hk2/osgi-resource-locator/1.0.3/osgi-resource-locator-1.0.3.jar:/home/aantonovs/.m2/repository/com/sun/activation/jakarta.activation/1.2.2/jakarta.activation-1.2.2.jar:/home/aantonovs/.m2/repository/org/glassfish/jersey/core/jersey-server/2.31/jersey-server-2.31.jar:/home/aantonovs/.m2/repository/org/glassfish/jersey/core/jersey-client/2.31/jersey-client-2.31.jar:/home/aantonovs/.m2/repository/org/glassfish/jersey/media/jersey-media-jaxb/2.31/jersey-media-jaxb-2.31.jar:/home/aantonovs/.m2/repository/jakarta/ws/rs/jakarta.ws.rs-api/2.1.6/jakarta.ws.rs-api-2.1.6.jar:/home/aantonovs/.m2/repository/org/glassfish/jersey/media/jersey-media-json-jackson/2.31/jersey-media-json-jackson-2.31.jar:/home/aantonovs/.m2/repository/org/glassfish/jersey/ext/jersey-entity-filtering/2.31/jersey-entity-filtering-2.31.jar:/home/aantonovs/.m2/repository/com/fasterxml/jackson/module/jackson-module-jaxb-annotations/2.10.1/jackson-module-jaxb-annotations-2.10.1.jar:/home/aantonovs/.m2/repository/jakarta/activation/jakarta.activation-api/1.2.1/jakarta.activation-api-1.2.1.jar:/home/aantonovs/.m2/repository/org/glassfish/jersey/inject/jersey-hk2/2.31/jersey-hk2-2.31.jar:/home/aantonovs/.m2/repository/org/glassfish/hk2/hk2-locator/2.6.1/hk2-locator-2.6.1.jar:/home/aantonovs/.m2/repository/org/glassfish/hk2/external/aopalliance-repackaged/2.6.1/aopalliance-repackaged-2.6.1.jar:/home/aantonovs/.m2/repository/org/glassfish/hk2/hk2-api/2.6.1/hk2-api-2.6.1.jar:/home/aantonovs/.m2/repository/org/glassfish/hk2/hk2-utils/2.6.1/hk2-utils-2.6.1.jar:/home/aantonovs/.m2/repository/org/glassfish/jersey/ext/jersey-bean-validation/2.31/jersey-bean-validation-2.31.jar:/home/aantonovs/.m2/repository/jakarta/validation/jakarta.validation-api/2.0.2/jakarta.validation-api-2.0.2.jar:/home/aantonovs/.m2/repository/org/hibernate/validator/hibernate-validator/6.1.2.Final/hibernate-validator-6.1.2.Final.jar:/home/aantonovs/.m2/repository/org/jboss/logging/jboss-logging/3.3.2.Final/jboss-logging-3.3.2.Final.jar:/home/aantonovs/.m2/repository/com/fasterxml/classmate/1.3.4/classmate-1.3.4.jar:/home/aantonovs/.m2/repository/jakarta/el/jakarta.el-api/3.0.3/jakarta.el-api-3.0.3.jar:/home/aantonovs/.m2/repository/org/glassfish/jakarta.el/3.0.3/jakarta.el-3.0.3.jar:/home/aantonovs/.m2/repository/io/swagger/core/v3/swagger-jaxrs2/2.1.2/swagger-jaxrs2-2.1.2.jar:/home/aantonovs/.m2/repository/io/github/classgraph/classgraph/4.8.65/classgraph-4.8.65.jar:/home/aantonovs/.m2/repository/io/swagger/core/v3/swagger-annotations/2.1.2/swagger-annotations-2.1.2.jar:/home/aantonovs/.m2/repository/com/fasterxml/jackson/jaxrs/jackson-jaxrs-json-provider/2.10.1/jackson-jaxrs-json-provider-2.10.1.jar:/home/aantonovs/.m2/repository/com/fasterxml/jackson/jaxrs/jackson-jaxrs-base/2.10.1/jackson-jaxrs-base-2.10.1.jar:/home/aantonovs/.m2/repository/io/swagger/core/v3/swagger-core/2.1.2/swagger-core-2.1.2.jar:/home/aantonovs/.m2/repository/jakarta/xml/bind/jakarta.xml.bind-api/2.3.2/jakarta.xml.bind-api-2.3.2.jar:/home/aantonovs/.m2/repository/com/fasterxml/jackson/datatype/jackson-datatype-jsr310/2.10.1/jackson-datatype-jsr310-2.10.1.jar:/home/aantonovs/.m2/repository/io/swagger/core/v3/swagger-integration/2.1.2/swagger-integration-2.1.2.jar:/home/aantonovs/.m2/repository/io/swagger/core/v3/swagger-jaxrs2-servlet-initializer/2.1.2/swagger-jaxrs2-servlet-initializer-2.1.2.jar:/home/aantonovs/.m2/repository/io/swagger/core/v3/swagger-models/2.1.2/swagger-models-2.1.2.jar:/home/aantonovs/.m2/repository/com/fasterxml/jackson/core/jackson-annotations/2.10.3/jackson-annotations-2.10.3.jar:/home/aantonovs/.m2/repository/com/fasterxml/jackson/core/jackson-core/2.10.3/jackson-core-2.10.3.jar:/home/aantonovs/.m2/repository/com/fasterxml/jackson/core/jackson-databind/2.10.3/jackson-databind-2.10.3.jar:/home/aantonovs/.m2/repository/com/fasterxml/jackson/dataformat/jackson-dataformat-yaml/2.10.3/jackson-dataformat-yaml-2.10.3.jar:/home/aantonovs/.m2/repository/org/yaml/snakeyaml/1.24/snakeyaml-1.24.jar:/home/aantonovs/.m2/repository/com/google/inject/guice/4.2.3/guice-4.2.3.jar:/home/aantonovs/.m2/repository/javax/inject/javax.inject/1/javax.inject-1.jar:/home/aantonovs/.m2/repository/aopalliance/aopalliance/1.0/aopalliance-1.0.jar:/home/aantonovs/.m2/repository/com/google/inject/extensions/guice-servlet/4.2.3/guice-servlet-4.2.3.jar:/home/aantonovs/.m2/repository/com/google/inject/extensions/guice-multibindings/4.2.3/guice-multibindings-4.2.3.jar:/home/aantonovs/.m2/repository/com/google/sitebricks/sitebricks/0.8.11/sitebricks-0.8.11.jar:/home/aantonovs/.m2/repository/com/google/sitebricks/sitebricks-converter/0.8.11/sitebricks-converter-0.8.11.jar:/home/aantonovs/.m2/repository/com/google/sitebricks/sitebricks-client/0.8.11/sitebricks-client-0.8.11.jar:/home/aantonovs/.m2/repository/com/thoughtworks/xstream/xstream/1.3.1/xstream-1.3.1.jar:/home/aantonovs/.m2/repository/xpp3/xpp3_min/1.1.4c/xpp3_min-1.1.4c.jar:/home/aantonovs/.m2/repository/com/google/sitebricks/sitebricks-annotations/0.8.11/sitebricks-annotations-0.8.11.jar:/home/aantonovs/.m2/repository/org/mvel/mvel2/2.1.3.Final/mvel2-2.1.3.Final.jar:/home/aantonovs/.m2/repository/net/jcip/jcip-annotations/1.0/jcip-annotations-1.0.jar:/home/aantonovs/.m2/repository/com/intellij/annotations/7.0.3/annotations-7.0.3.jar:/home/aantonovs/.m2/repository/com/ning/async-http-client/1.6.3/async-http-client-1.6.3.jar:/home/aantonovs/.m2/repository/io/netty/netty-all/4.1.50.Final/netty-all-4.1.50.Final.jar:/home/aantonovs/.m2/repository/org/apache/logging/log4j/log4j-api/2.13.1/log4j-api-2.13.1.jar:/home/aantonovs/.m2/repository/org/apache/logging/log4j/log4j-core/2.13.1/log4j-core-2.13.1.jar:/home/aantonovs/.m2/repository/org/apache/logging/log4j/log4j-slf4j-impl/2.13.1/log4j-slf4j-impl-2.13.1.jar:/home/aantonovs/.m2/repository/org/eclipse/jetty/jetty-server/9.4.29.v20200521/jetty-server-9.4.29.v20200521.jar:/home/aantonovs/.m2/repository/javax/servlet/javax.servlet-api/3.1.0/javax.servlet-api-3.1.0.jar:/home/aantonovs/.m2/repository/org/eclipse/jetty/jetty-http/9.4.29.v20200521/jetty-http-9.4.29.v20200521.jar:/home/aantonovs/.m2/repository/org/eclipse/jetty/jetty-util/9.4.29.v20200521/jetty-util-9.4.29.v20200521.jar:/home/aantonovs/.m2/repository/org/eclipse/jetty/jetty-io/9.4.29.v20200521/jetty-io-9.4.29.v20200521.jar:/home/aantonovs/.m2/repository/org/eclipse/jetty/jetty-servlet/9.4.29.v20200521/jetty-servlet-9.4.29.v20200521.jar:/home/aantonovs/.m2/repository/org/eclipse/jetty/jetty-security/9.4.29.v20200521/jetty-security-9.4.29.v20200521.jar:/home/aantonovs/.m2/repository/org/javassist/javassist/3.27.0-GA/javassist-3.27.0-GA.jar:/home/aantonovs/.m2/repository/com/codeborne/pdf-test/1.6.0/pdf-test-1.6.0.jar:/home/aantonovs/.m2/repository/org/apache/pdfbox/pdfbox/2.0.22/pdfbox-2.0.22.jar:/home/aantonovs/.m2/repository/org/apache/pdfbox/fontbox/2.0.22/fontbox-2.0.22.jar:/home/aantonovs/.m2/repository/commons-logging/commons-logging/1.2/commons-logging-1.2.jar:/home/aantonovs/.m2/repository/org/hamcrest/hamcrest-core/1.3/hamcrest-core-1.3.jar:/home/aantonovs/.m2/repository/com/codeborne/xls-test/1.4.3/xls-test-1.4.3.jar:/home/aantonovs/.m2/repository/net/sf/jxls/jxls-core/1.0.6/jxls-core-1.0.6.jar:/home/aantonovs/.m2/repository/commons-beanutils/commons-beanutils/1.8.2/commons-beanutils-1.8.2.jar:/home/aantonovs/.m2/repository/commons-collections/commons-collections/3.2.1/commons-collections-3.2.1.jar:/home/aantonovs/.m2/repository/commons-digester/commons-digester/2.0/commons-digester-2.0.jar:/home/aantonovs/.m2/repository/net/sf/jxls/jxls-reader/1.0.6/jxls-reader-1.0.6.jar:/home/aantonovs/.m2/repository/org/apache/commons/commons-jexl/2.1.1/commons-jexl-2.1.1.jar:/home/aantonovs/.m2/repository/org/apache/poi/poi/4.1.2/poi-4.1.2.jar:/home/aantonovs/.m2/repository/org/apache/commons/commons-collections4/4.4/commons-collections4-4.4.jar:/home/aantonovs/.m2/repository/org/apache/commons/commons-math3/3.6.1/commons-math3-3.6.1.jar:/home/aantonovs/.m2/repository/com/zaxxer/SparseBitSet/1.2/SparseBitSet-1.2.jar:/home/aantonovs/.m2/repository/org/apache/poi/poi-ooxml/4.1.2/poi-ooxml-4.1.2.jar:/home/aantonovs/.m2/repository/com/github/virtuald/curvesapi/1.06/curvesapi-1.06.jar:/home/aantonovs/.m2/repository/org/apache/poi/poi-ooxml-schemas/4.1.2/poi-ooxml-schemas-4.1.2.jar:/home/aantonovs/.m2/repository/org/apache/xmlbeans/xmlbeans/3.1.0/xmlbeans-3.1.0.jar:"/>
    <property name="java.vm.vendor" value="Ubuntu"/>
    <property name="sun.arch.data.model" value="64"/>
    <property name="java.vendor.url" value="https://ubuntu.com/"/>
    <property name="user.timezone" value=""/>
    <property name="java.vm.specification.version" value="11"/>
    <property name="os.name" value="Linux"/>
    <property name="sun.java.launcher" value="SUN_STANDARD"/>
    <property name="user.country" value="US"/>
    <property name="sun.boot.library.path" value="/usr/lib/jvm/java-11-openjdk-amd64/lib"/>
    <property name="sun.java.command" value="/home/aantonovs/IdeaProjects/accentureHomeWork/target/surefire/surefirebooter2888207927123330701.jar /home/aantonovs/IdeaProjects/accentureHomeWork/target/surefire 2021-03-15T13-22-51_136-jvmRun1 surefire7246601472595886619tmp surefire_011586356661126889029tmp"/>
    <property name="jdk.debug" value="release"/>
    <property name="surefire.test.class.path" value="/home/aantonovs/IdeaProjects/accentureHomeWork/target/test-classes:/home/aantonovs/IdeaProjects/accentureHomeWork/target/classes:/home/aantonovs/.m2/repository/io/qameta/allure/allure-junit4/2.13.8/allure-junit4-2.13.8.jar:/home/aantonovs/.m2/repository/io/qameta/allure/allure-java-commons/2.13.8/allure-java-commons-2.13.8.jar:/home/aantonovs/.m2/repository/io/qameta/allure/allure-model/2.13.8/allure-model-2.13.8.jar:/home/aantonovs/.m2/repository/org/apache/tika/tika-core/1.24.1/tika-core-1.24.1.jar:/home/aantonovs/.m2/repository/org/jooq/joor-java-8/0.9.13/joor-java-8-0.9.13.jar:/home/aantonovs/.m2/repository/junit/junit/4.13.1/junit-4.13.1.jar:/home/aantonovs/.m2/repository/io/qameta/allure/allure-selenide/2.13.8/allure-selenide-2.13.8.jar:/home/aantonovs/.m2/repository/com/codeborne/selenide/5.18.1/selenide-5.18.1.jar:/home/aantonovs/.m2/repository/org/seleniumhq/selenium/selenium-java/3.141.59/selenium-java-3.141.59.jar:/home/aantonovs/.m2/repository/org/seleniumhq/selenium/selenium-api/3.141.59/selenium-api-3.141.59.jar:/home/aantonovs/.m2/repository/org/seleniumhq/selenium/selenium-chrome-driver/3.141.59/selenium-chrome-driver-3.141.59.jar:/home/aantonovs/.m2/repository/org/seleniumhq/selenium/selenium-edge-driver/3.141.59/selenium-edge-driver-3.141.59.jar:/home/aantonovs/.m2/repository/org/seleniumhq/selenium/selenium-firefox-driver/3.141.59/selenium-firefox-driver-3.141.59.jar:/home/aantonovs/.m2/repository/org/seleniumhq/selenium/selenium-ie-driver/3.141.59/selenium-ie-driver-3.141.59.jar:/home/aantonovs/.m2/repository/org/seleniumhq/selenium/selenium-opera-driver/3.141.59/selenium-opera-driver-3.141.59.jar:/home/aantonovs/.m2/repository/org/seleniumhq/selenium/selenium-remote-driver/3.141.59/selenium-remote-driver-3.141.59.jar:/home/aantonovs/.m2/repository/org/seleniumhq/selenium/selenium-safari-driver/3.141.59/selenium-safari-driver-3.141.59.jar:/home/aantonovs/.m2/repository/org/seleniumhq/selenium/selenium-support/3.141.59/selenium-support-3.141.59.jar:/home/aantonovs/.m2/repository/org/apache/commons/commons-exec/1.3/commons-exec-1.3.jar:/home/aantonovs/.m2/repository/com/squareup/okhttp3/okhttp/3.11.0/okhttp-3.11.0.jar:/home/aantonovs/.m2/repository/com/squareup/okio/okio/1.14.0/okio-1.14.0.jar:/home/aantonovs/.m2/repository/io/github/bonigarcia/webdrivermanager/4.3.1/webdrivermanager-4.3.1.jar:/home/aantonovs/.m2/repository/commons-io/commons-io/2.8.0/commons-io-2.8.0.jar:/home/aantonovs/.m2/repository/com/google/code/gson/gson/2.8.6/gson-2.8.6.jar:/home/aantonovs/.m2/repository/org/apache/commons/commons-lang3/3.11/commons-lang3-3.11.jar:/home/aantonovs/.m2/repository/org/jsoup/jsoup/1.13.1/jsoup-1.13.1.jar:/home/aantonovs/.m2/repository/org/rauschig/jarchivelib/1.1.0/jarchivelib-1.1.0.jar:/home/aantonovs/.m2/repository/org/apache/commons/commons-compress/1.20/commons-compress-1.20.jar:/home/aantonovs/.m2/repository/org/apache/httpcomponents/client5/httpclient5/5.0.3/httpclient5-5.0.3.jar:/home/aantonovs/.m2/repository/org/apache/httpcomponents/core5/httpcore5/5.0.2/httpcore5-5.0.2.jar:/home/aantonovs/.m2/repository/commons-codec/commons-codec/1.13/commons-codec-1.13.jar:/home/aantonovs/.m2/repository/org/slf4j/slf4j-api/1.7.30/slf4j-api-1.7.30.jar:/home/aantonovs/.m2/repository/org/slf4j/slf4j-simple/1.7.30/slf4j-simple-1.7.30.jar:/home/aantonovs/.m2/repository/com/google/guava/guava/30.1-jre/guava-30.1-jre.jar:/home/aantonovs/.m2/repository/com/google/guava/failureaccess/1.0.1/failureaccess-1.0.1.jar:/home/aantonovs/.m2/repository/com/google/guava/listenablefuture/9999.0-empty-to-avoid-conflict-with-guava/listenablefuture-9999.0-empty-to-avoid-conflict-with-guava.jar:/home/aantonovs/.m2/repository/com/google/code/findbugs/jsr305/3.0.2/jsr305-3.0.2.jar:/home/aantonovs/.m2/repository/org/checkerframework/checker-qual/3.5.0/checker-qual-3.5.0.jar:/home/aantonovs/.m2/repository/com/google/errorprone/error_prone_annotations/2.3.4/error_prone_annotations-2.3.4.jar:/home/aantonovs/.m2/repository/com/google/j2objc/j2objc-annotations/1.3/j2objc-annotations-1.3.jar:/home/aantonovs/.m2/repository/com/browserup/browserup-proxy-core/2.1.2/browserup-proxy-core-2.1.2.jar:/home/aantonovs/.m2/repository/io/netty/netty-codec/4.1.50.Final/netty-codec-4.1.50.Final.jar:/home/aantonovs/.m2/repository/io/netty/netty-common/4.1.50.Final/netty-common-4.1.50.Final.jar:/home/aantonovs/.m2/repository/io/netty/netty-buffer/4.1.50.Final/netty-buffer-4.1.50.Final.jar:/home/aantonovs/.m2/repository/io/netty/netty-transport/4.1.50.Final/netty-transport-4.1.50.Final.jar:/home/aantonovs/.m2/repository/io/netty/netty-resolver/4.1.50.Final/netty-resolver-4.1.50.Final.jar:/home/aantonovs/.m2/repository/xyz/rogfam/littleproxy/2.0.0-beta-5/littleproxy-2.0.0-beta-5.jar:/home/aantonovs/.m2/repository/com/barchart/udt/barchart-udt-bundle/2.3.0/barchart-udt-bundle-2.3.0.jar:/home/aantonovs/.m2/repository/com/browserup/browserup-proxy-mitm/2.1.2/browserup-proxy-mitm-2.1.2.jar:/home/aantonovs/.m2/repository/javax/xml/bind/jaxb-api/2.3.1/jaxb-api-2.3.1.jar:/home/aantonovs/.m2/repository/javax/activation/javax.activation-api/1.2.0/javax.activation-api-1.2.0.jar:/home/aantonovs/.m2/repository/com/jcraft/jzlib/1.1.3/jzlib-1.1.3.jar:/home/aantonovs/.m2/repository/dnsjava/dnsjava/3.1.0/dnsjava-3.1.0.jar:/home/aantonovs/.m2/repository/org/bouncycastle/bcpkix-jdk15on/1.64/bcpkix-jdk15on-1.64.jar:/home/aantonovs/.m2/repository/org/bouncycastle/bcprov-jdk15on/1.64/bcprov-jdk15on-1.64.jar:/home/aantonovs/.m2/repository/org/brotli/dec/0.1.2/dec-0.1.2.jar:/home/aantonovs/.m2/repository/org/slf4j/jcl-over-slf4j/1.7.30/jcl-over-slf4j-1.7.30.jar:/home/aantonovs/.m2/repository/com/browserup/browserup-proxy-rest/2.1.2/browserup-proxy-rest-2.1.2.jar:/home/aantonovs/.m2/repository/net/sf/jopt-simple/jopt-simple/5.0.4/jopt-simple-5.0.4.jar:/home/aantonovs/.m2/repository/org/glassfish/jersey/containers/jersey-container-servlet-core/2.31/jersey-container-servlet-core-2.31.jar:/home/aantonovs/.m2/repository/org/glassfish/hk2/external/jakarta.inject/2.6.1/jakarta.inject-2.6.1.jar:/home/aantonovs/.m2/repository/org/glassfish/jersey/core/jersey-common/2.31/jersey-common-2.31.jar:/home/aantonovs/.m2/repository/jakarta/annotation/jakarta.annotation-api/1.3.5/jakarta.annotation-api-1.3.5.jar:/home/aantonovs/.m2/repository/org/glassfish/hk2/osgi-resource-locator/1.0.3/osgi-resource-locator-1.0.3.jar:/home/aantonovs/.m2/repository/com/sun/activation/jakarta.activation/1.2.2/jakarta.activation-1.2.2.jar:/home/aantonovs/.m2/repository/org/glassfish/jersey/core/jersey-server/2.31/jersey-server-2.31.jar:/home/aantonovs/.m2/repository/org/glassfish/jersey/core/jersey-client/2.31/jersey-client-2.31.jar:/home/aantonovs/.m2/repository/org/glassfish/jersey/media/jersey-media-jaxb/2.31/jersey-media-jaxb-2.31.jar:/home/aantonovs/.m2/repository/jakarta/ws/rs/jakarta.ws.rs-api/2.1.6/jakarta.ws.rs-api-2.1.6.jar:/home/aantonovs/.m2/repository/org/glassfish/jersey/media/jersey-media-json-jackson/2.31/jersey-media-json-jackson-2.31.jar:/home/aantonovs/.m2/repository/org/glassfish/jersey/ext/jersey-entity-filtering/2.31/jersey-entity-filtering-2.31.jar:/home/aantonovs/.m2/repository/com/fasterxml/jackson/module/jackson-module-jaxb-annotations/2.10.1/jackson-module-jaxb-annotations-2.10.1.jar:/home/aantonovs/.m2/repository/jakarta/activation/jakarta.activation-api/1.2.1/jakarta.activation-api-1.2.1.jar:/home/aantonovs/.m2/repository/org/glassfish/jersey/inject/jersey-hk2/2.31/jersey-hk2-2.31.jar:/home/aantonovs/.m2/repository/org/glassfish/hk2/hk2-locator/2.6.1/hk2-locator-2.6.1.jar:/home/aantonovs/.m2/repository/org/glassfish/hk2/external/aopalliance-repackaged/2.6.1/aopalliance-repackaged-2.6.1.jar:/home/aantonovs/.m2/repository/org/glassfish/hk2/hk2-api/2.6.1/hk2-api-2.6.1.jar:/home/aantonovs/.m2/repository/org/glassfish/hk2/hk2-utils/2.6.1/hk2-utils-2.6.1.jar:/home/aantonovs/.m2/repository/org/glassfish/jersey/ext/jersey-bean-validation/2.31/jersey-bean-validation-2.31.jar:/home/aantonovs/.m2/repository/jakarta/validation/jakarta.validation-api/2.0.2/jakarta.validation-api-2.0.2.jar:/home/aantonovs/.m2/repository/org/hibernate/validator/hibernate-validator/6.1.2.Final/hibernate-validator-6.1.2.Final.jar:/home/aantonovs/.m2/repository/org/jboss/logging/jboss-logging/3.3.2.Final/jboss-logging-3.3.2.Final.jar:/home/aantonovs/.m2/repository/com/fasterxml/classmate/1.3.4/classmate-1.3.4.jar:/home/aantonovs/.m2/repository/jakarta/el/jakarta.el-api/3.0.3/jakarta.el-api-3.0.3.jar:/home/aantonovs/.m2/repository/org/glassfish/jakarta.el/3.0.3/jakarta.el-3.0.3.jar:/home/aantonovs/.m2/repository/io/swagger/core/v3/swagger-jaxrs2/2.1.2/swagger-jaxrs2-2.1.2.jar:/home/aantonovs/.m2/repository/io/github/classgraph/classgraph/4.8.65/classgraph-4.8.65.jar:/home/aantonovs/.m2/repository/io/swagger/core/v3/swagger-annotations/2.1.2/swagger-annotations-2.1.2.jar:/home/aantonovs/.m2/repository/com/fasterxml/jackson/jaxrs/jackson-jaxrs-json-provider/2.10.1/jackson-jaxrs-json-provider-2.10.1.jar:/home/aantonovs/.m2/repository/com/fasterxml/jackson/jaxrs/jackson-jaxrs-base/2.10.1/jackson-jaxrs-base-2.10.1.jar:/home/aantonovs/.m2/repository/io/swagger/core/v3/swagger-core/2.1.2/swagger-core-2.1.2.jar:/home/aantonovs/.m2/repository/jakarta/xml/bind/jakarta.xml.bind-api/2.3.2/jakarta.xml.bind-api-2.3.2.jar:/home/aantonovs/.m2/repository/com/fasterxml/jackson/datatype/jackson-datatype-jsr310/2.10.1/jackson-datatype-jsr310-2.10.1.jar:/home/aantonovs/.m2/repository/io/swagger/core/v3/swagger-integration/2.1.2/swagger-integration-2.1.2.jar:/home/aantonovs/.m2/repository/io/swagger/core/v3/swagger-jaxrs2-servlet-initializer/2.1.2/swagger-jaxrs2-servlet-initializer-2.1.2.jar:/home/aantonovs/.m2/repository/io/swagger/core/v3/swagger-models/2.1.2/swagger-models-2.1.2.jar:/home/aantonovs/.m2/repository/com/fasterxml/jackson/core/jackson-annotations/2.10.3/jackson-annotations-2.10.3.jar:/home/aantonovs/.m2/repository/com/fasterxml/jackson/core/jackson-core/2.10.3/jackson-core-2.10.3.jar:/home/aantonovs/.m2/repository/com/fasterxml/jackson/core/jackson-databind/2.10.3/jackson-databind-2.10.3.jar:/home/aantonovs/.m2/repository/com/fasterxml/jackson/dataformat/jackson-dataformat-yaml/2.10.3/jackson-dataformat-yaml-2.10.3.jar:/home/aantonovs/.m2/repository/org/yaml/snakeyaml/1.24/snakeyaml-1.24.jar:/home/aantonovs/.m2/repository/com/google/inject/guice/4.2.3/guice-4.2.3.jar:/home/aantonovs/.m2/repository/javax/inject/javax.inject/1/javax.inject-1.jar:/home/aantonovs/.m2/repository/aopalliance/aopalliance/1.0/aopalliance-1.0.jar:/home/aantonovs/.m2/repository/com/google/inject/extensions/guice-servlet/4.2.3/guice-servlet-4.2.3.jar:/home/aantonovs/.m2/repository/com/google/inject/extensions/guice-multibindings/4.2.3/guice-multibindings-4.2.3.jar:/home/aantonovs/.m2/repository/com/google/sitebricks/sitebricks/0.8.11/sitebricks-0.8.11.jar:/home/aantonovs/.m2/repository/com/google/sitebricks/sitebricks-converter/0.8.11/sitebricks-converter-0.8.11.jar:/home/aantonovs/.m2/repository/com/google/sitebricks/sitebricks-client/0.8.11/sitebricks-client-0.8.11.jar:/home/aantonovs/.m2/repository/com/thoughtworks/xstream/xstream/1.3.1/xstream-1.3.1.jar:/home/aantonovs/.m2/repository/xpp3/xpp3_min/1.1.4c/xpp3_min-1.1.4c.jar:/home/aantonovs/.m2/repository/com/google/sitebricks/sitebricks-annotations/0.8.11/sitebricks-annotations-0.8.11.jar:/home/aantonovs/.m2/repository/org/mvel/mvel2/2.1.3.Final/mvel2-2.1.3.Final.jar:/home/aantonovs/.m2/repository/net/jcip/jcip-annotations/1.0/jcip-annotations-1.0.jar:/home/aantonovs/.m2/repository/com/intellij/annotations/7.0.3/annotations-7.0.3.jar:/home/aantonovs/.m2/repository/com/ning/async-http-client/1.6.3/async-http-client-1.6.3.jar:/home/aantonovs/.m2/repository/io/netty/netty-all/4.1.50.Final/netty-all-4.1.50.Final.jar:/home/aantonovs/.m2/repository/org/apache/logging/log4j/log4j-api/2.13.1/log4j-api-2.13.1.jar:/home/aantonovs/.m2/repository/org/apache/logging/log4j/log4j-core/2.13.1/log4j-core-2.13.1.jar:/home/aantonovs/.m2/repository/org/apache/logging/log4j/log4j-slf4j-impl/2.13.1/log4j-slf4j-impl-2.13.1.jar:/home/aantonovs/.m2/repository/org/eclipse/jetty/jetty-server/9.4.29.v20200521/jetty-server-9.4.29.v20200521.jar:/home/aantonovs/.m2/repository/javax/servlet/javax.servlet-api/3.1.0/javax.servlet-api-3.1.0.jar:/home/aantonovs/.m2/repository/org/eclipse/jetty/jetty-http/9.4.29.v20200521/jetty-http-9.4.29.v20200521.jar:/home/aantonovs/.m2/repository/org/eclipse/jetty/jetty-util/9.4.29.v20200521/jetty-util-9.4.29.v20200521.jar:/home/aantonovs/.m2/repository/org/eclipse/jetty/jetty-io/9.4.29.v20200521/jetty-io-9.4.29.v20200521.jar:/home/aantonovs/.m2/repository/org/eclipse/jetty/jetty-servlet/9.4.29.v20200521/jetty-servlet-9.4.29.v20200521.jar:/home/aantonovs/.m2/repository/org/eclipse/jetty/jetty-security/9.4.29.v20200521/jetty-security-9.4.29.v20200521.jar:/home/aantonovs/.m2/repository/org/javassist/javassist/3.27.0-GA/javassist-3.27.0-GA.jar:/home/aantonovs/.m2/repository/com/codeborne/pdf-test/1.6.0/pdf-test-1.6.0.jar:/home/aantonovs/.m2/repository/org/apache/pdfbox/pdfbox/2.0.22/pdfbox-2.0.22.jar:/home/aantonovs/.m2/repository/org/apache/pdfbox/fontbox/2.0.22/fontbox-2.0.22.jar:/home/aantonovs/.m2/repository/commons-logging/commons-logging/1.2/commons-logging-1.2.jar:/home/aantonovs/.m2/repository/org/hamcrest/hamcrest-core/1.3/hamcrest-core-1.3.jar:/home/aantonovs/.m2/repository/com/codeborne/xls-test/1.4.3/xls-test-1.4.3.jar:/home/aantonovs/.m2/repository/net/sf/jxls/jxls-core/1.0.6/jxls-core-1.0.6.jar:/home/aantonovs/.m2/repository/commons-beanutils/commons-beanutils/1.8.2/commons-beanutils-1.8.2.jar:/home/aantonovs/.m2/repository/commons-collections/commons-collections/3.2.1/commons-collections-3.2.1.jar:/home/aantonovs/.m2/repository/commons-digester/commons-digester/2.0/commons-digester-2.0.jar:/home/aantonovs/.m2/repository/net/sf/jxls/jxls-reader/1.0.6/jxls-reader-1.0.6.jar:/home/aantonovs/.m2/repository/org/apache/commons/commons-jexl/2.1.1/commons-jexl-2.1.1.jar:/home/aantonovs/.m2/repository/org/apache/poi/poi/4.1.2/poi-4.1.2.jar:/home/aantonovs/.m2/repository/org/apache/commons/commons-collections4/4.4/commons-collections4-4.4.jar:/home/aantonovs/.m2/repository/org/apache/commons/commons-math3/3.6.1/commons-math3-3.6.1.jar:/home/aantonovs/.m2/repository/com/zaxxer/SparseBitSet/1.2/SparseBitSet-1.2.jar:/home/aantonovs/.m2/repository/org/apache/poi/poi-ooxml/4.1.2/poi-ooxml-4.1.2.jar:/home/aantonovs/.m2/repository/com/github/virtuald/curvesapi/1.06/curvesapi-1.06.jar:/home/aantonovs/.m2/repository/org/apache/poi/poi-ooxml-schemas/4.1.2/poi-ooxml-schemas-4.1.2.jar:/home/aantonovs/.m2/repository/org/apache/xmlbeans/xmlbeans/3.1.0/xmlbeans-3.1.0.jar:"/>
    <property name="allure.results.directory" value="/home/aantonovs/IdeaProjects/accentureHomeWork/target/allure-results"/>
    <property name="sun.cpu.endian" value="little"/>
    <property name="user.home" value="/home/aantonovs"/>
    <property name="user.language" value="en"/>
    <property name="java.specification.vendor" value="Oracle Corporation"/>
    <property name="java.version.date" value="2021-01-19"/>
    <property name="java.home" value="/usr/lib/jvm/java-11-openjdk-amd64"/>
    <property name="file.separator" value="/"/>
    <property name="basedir" value="/home/aantonovs/IdeaProjects/accentureHomeWork"/>
    <property name="java.vm.compressedOopsMode" value="Zero based"/>
    <property name="line.separator" value="&#10;"/>
    <property name="java.specification.name" value="Java Platform API Specification"/>
    <property name="java.vm.specification.vendor" value="Oracle Corporation"/>
    <property name="java.awt.graphicsenv" value="sun.awt.X11GraphicsEnvironment"/>
    <property name="surefire.real.class.path" value="/home/aantonovs/IdeaProjects/accentureHomeWork/target/surefire/surefirebooter2888207927123330701.jar"/>
    <property name="sun.management.compiler" value="HotSpot 64-Bit Tiered Compilers"/>
    <property name="java.runtime.version" value="11.0.10+9-Ubuntu-0ubuntu1.20.04"/>
    <property name="user.name" value="aantonovs"/>
    <property name="path.separator" value=":"/>
    <property name="os.version" value="5.4.0-66-generic"/>
    <property name="java.runtime.name" value="OpenJDK Runtime Environment"/>
    <property name="file.encoding" value="UTF-8"/>
    <property name="java.vm.name" value="OpenJDK 64-Bit Server VM"/>
    <property name="localRepository" value="/home/aantonovs/.m2/repository"/>
    <property name="java.vendor.url.bug" value="https://bugs.launchpad.net/ubuntu/+source/openjdk-lts"/>
    <property name="java.io.tmpdir" value="/tmp"/>
    <property name="java.version" value="11.0.10"/>
    <property name="user.dir" value="/home/aantonovs/IdeaProjects/accentureHomeWork"/>
    <property name="os.arch" value="amd64"/>
    <property name="java.vm.specification.name" value="Java Virtual Machine Specification"/>
    <property name="java.awt.printerjob" value="sun.print.PSPrinterJob"/>
    <property name="sun.os.patch.level" value="unknown"/>
    <property name="java.library.path" value="/usr/java/packages/lib:/usr/lib/x86_64-linux-gnu/jni:/lib/x86_64-linux-gnu:/usr/lib/x86_64-linux-gnu:/usr/lib/jni:/lib:/usr/lib"/>
    <property name="java.vm.info" value="mixed mode, sharing"/>
    <property name="java.vendor" value="Ubuntu"/>
    <property name="java.vm.version" value="11.0.10+9-Ubuntu-0ubuntu1.20.04"/>
    <property name="sun.io.unicode.encoding" value="UnicodeLittle"/>
    <property name="java.class.version" value="55.0"/>
  </properties>
  <testcase name="searchNikonCamera" classname="test.SearchTest" time="31.9">
    <error message="timeout: Timed out receiving message from renderer: 29,759&#10;  (Session info: chrome=88.0.4324.96)&#10;Build info: version: &apos;3.141.59&apos;, revision: &apos;e82be7d358&apos;, time: &apos;2018-11-14T08:17:03&apos;&#10;System info: host: &apos;aantonovs&apos;, ip: &apos;127.0.1.1&apos;, os.name: &apos;Linux&apos;, os.arch: &apos;amd64&apos;, os.version: &apos;5.4.0-66-generic&apos;, java.version: &apos;11.0.10&apos;&#10;Driver info: org.openqa.selenium.chrome.ChromeDriver&#10;selenide.url: http://www.demoshop24.com&#10;Capabilities {acceptInsecureCerts: true, browserName: chrome, browserVersion: 88.0.4324.96, chrome: {chromedriverVersion: 88.0.4324.96 (68dba2d8a0b14..., userDataDir: /tmp/.com.google.Chrome.n4g2GK}, goog:chromeOptions: {debuggerAddress: localhost:40747}, javascriptEnabled: true, networkConnectionEnabled: false, pageLoadStrategy: normal, platform: LINUX, platformName: LINUX, proxy: Proxy(), setWindowRect: true, strictFileInteractability: false, timeouts: {implicit: 0, pageLoad: 300000, script: 30000}, unhandledPromptBehavior: dismiss and notify, webauthn:extension:largeBlob: true, webauthn:virtualAuthenticators: true}&#10;selenide.baseUrl: http://localhost:8080&#10;Session ID: f256ea62823ced78ded9ce5d31e78331" type="org.openqa.selenium.TimeoutException">org.openqa.selenium.TimeoutException: 
timeout: Timed out receiving message from renderer: 29,759
  (Session info: chrome=88.0.4324.96)
Build info: version: '3.141.59', revision: 'e82be7d358', time: '2018-11-14T08:17:03'
System info: host: 'aantonovs', ip: '127.0.1.1', os.name: 'Linux', os.arch: 'amd64', os.version: '5.4.0-66-generic', java.version: '11.0.10'
Driver info: org.openqa.selenium.chrome.ChromeDriver
selenide.url: http://www.demoshop24.com
Capabilities {acceptInsecureCerts: true, browserName: chrome, browserVersion: 88.0.4324.96, chrome: {chromedriverVersion: 88.0.4324.96 (68dba2d8a0b14..., userDataDir: /tmp/.com.google.Chrome.n4g2GK}, goog:chromeOptions: {debuggerAddress: localhost:40747}, javascriptEnabled: true, networkConnectionEnabled: false, pageLoadStrategy: normal, platform: LINUX, platformName: LINUX, proxy: Proxy(), setWindowRect: true, strictFileInteractability: false, timeouts: {implicit: 0, pageLoad: 300000, script: 30000}, unhandledPromptBehavior: dismiss and notify, webauthn:extension:largeBlob: true, webauthn:virtualAuthenticators: true}
selenide.baseUrl: http://localhost:8080
Session ID: f256ea62823ced78ded9ce5d31e78331
	at test.SearchTest.searchNikonCamera(SearchTest.java:16)
</error>
    <system-err><![CDATA[SLF4J: Class path contains multiple SLF4J bindings.
SLF4J: Found binding in [jar:file:/home/aantonovs/.m2/repository/org/slf4j/slf4j-simple/1.7.30/slf4j-simple-1.7.30.jar!/org/slf4j/impl/StaticLoggerBinder.class]
SLF4J: Found binding in [jar:file:/home/aantonovs/.m2/repository/org/apache/logging/log4j/log4j-slf4j-impl/2.13.1/log4j-slf4j-impl-2.13.1.jar!/org/slf4j/impl/StaticLoggerBinder.class]
SLF4J: See http://www.slf4j.org/codes.html#multiple_bindings for an explanation.
SLF4J: Actual binding is of type [org.slf4j.impl.SimpleLoggerFactory]
[main] INFO com.codeborne.selenide.impl.WebDriverThreadLocalContainer - No webdriver is bound to current thread: 1 - let's create a new webdriver
[main] INFO com.codeborne.selenide.impl.FileHelper - Creating folder: /home/aantonovs/IdeaProjects/accentureHomeWork/build/downloads/1615807372937_29755_1
[main] INFO io.github.bonigarcia.wdm.WebDriverManager - Using chromedriver 88.0.4324.96 (resolved driver for Chrome 88)
[main] INFO io.github.bonigarcia.wdm.WebDriverManager - Exporting webdriver.chrome.driver as /home/aantonovs/.cache/selenium/chromedriver/linux64/88.0.4324.96/chromedriver
Starting ChromeDriver 88.0.4324.96 (68dba2d8a0b149a1d3afac56fa74648032bcf46b-refs/branch-heads/4324@{#1784}) on port 30144
Only local connections are allowed.
Please see https://chromedriver.chromium.org/security-considerations for suggestions on keeping ChromeDriver safe.
ChromeDriver was started successfully.
Mar 15, 2021 1:22:54 PM org.openqa.selenium.remote.ProtocolHandshake createSession
INFO: Detected dialect: W3C
[main] INFO com.codeborne.selenide.webdriver.BrowserResizer - Set browser size to 1366x768
[main] INFO com.codeborne.selenide.webdriver.WebDriverFactory - BrowserName=chrome Version=88.0.4324.96 Platform=LINUX
[main] INFO com.codeborne.selenide.webdriver.WebDriverFactory - Selenide v. 5.18.1
[main] INFO com.codeborne.selenide.webdriver.WebDriverFactory - Selenium WebDriver v. 3.141.59 build time: 2018-11-14T08:17:03
[main] INFO com.codeborne.selenide.drivercommands.CreateDriverCommand - Create webdriver in current thread 1: ChromeDriver -> ChromeDriver: chrome on LINUX (f256ea62823ced78ded9ce5d31e78331)
[1615807404,595][SEVERE]: Timed out receiving message from renderer: 29,759
[1615807404,606][SEVERE]: Timed out receiving message from renderer: 29,759
]]></system-err>
  </testcase>
  <testcase name="searchMacBookPro" classname="test.SearchTest" time="4.744"/>
</testsuite>